Mono path[0] = 'C:/Users/mobbslab/Downloads/SB_8-13-2024/july2024_fmri_standalone/ChatApp_Data/Managed'
Mono config path = 'C:/Users/mobbslab/Downloads/SB_8-13-2024/july2024_fmri_standalone/MonoBleedingEdge/etc'
Initialize engine version: 2021.2.19f1 (602ecdbb2fb0)
[Subsystems] Discovering subsystems at path C:/Users/mobbslab/Downloads/SB_8-13-2024/july2024_fmri_standalone/ChatApp_Data/UnitySubsystems
GfxDevice: creating device client; threaded=1; jobified=0
Direct3D:
    Version:  Direct3D 11.0 [level 11.0]
    Renderer: NVIDIA Quadro K2200 (ID=0x13ba)
    Vendor:   NVIDIA
    VRAM:     4053 MB
    Driver:   30.0.14.7141
Begin MonoManager ReloadAssembly
- Completed reload, in 10.777 seconds
<RI> Initializing input.
New input system (experimental) initialized
XInput1_3.dll not found. Trying XInput9_1_0.dll instead...
<RI> Input initialized.
<RI> Initialized touch support.
UnloadTime: 2.292000 ms
par07
https://socialmediafmri-1.firebaseio.com/
1727905892
User
https://socialmediafmri-1.firebaseio.com/users/2.json
Unloading 6 Unused Serialized files (Serialized files now loaded: 0)
UnloadTime: 8.113800 ms
Unloading 43 unused Assets to reduce memory usage. Loaded Objects now: 2205.
Total: 1.481000 ms (FindLiveObjects: 0.171200 ms CreateObjectMapping: 0.087500 ms MarkObjects: 1.161900 ms  DeleteObjects: 0.060200 ms)

The referenced script (karma_code) on this Behaviour is missing!
The referenced script on this Behaviour (Game Object 'Canvas') is missing!
Unloading 5 Unused Serialized files (Serialized files now loaded: 0)
UnloadTime: 1.377800 ms
Unloading 9 unused Assets to reduce memory usage. Loaded Objects now: 3017.
Total: 1.164200 ms (FindLiveObjects: 0.173800 ms CreateObjectMapping: 0.071500 ms MarkObjects: 0.889100 ms  DeleteObjects: 0.029500 ms)

File saved to: C:/Users/mobbslab/AppData/LocalLow/DefaultCompany/ChatApp\par07_events_block0_chat_1.csv
Data successfully sent to Firebase
File saved to: C:/Users/mobbslab/AppData/LocalLow/DefaultCompany/ChatApp\par07_events_block0_chat_2.csv
Data successfully sent to Firebase
File saved to: C:/Users/mobbslab/AppData/LocalLow/DefaultCompany/ChatApp\par07_events_block0_chat_3.csv
Data successfully sent to Firebase
File saved to: C:/Users/mobbslab/AppData/LocalLow/DefaultCompany/ChatApp\par07_events_block0_chat_4.csv
Data successfully sent to Firebase
Signal received at: 1584.124
Signal received at: 1672.814
Signal received at: 1674.814
Signal received at: 1676.814
Signal has stopped.
File saved to: C:/Users/mobbslab/AppData/LocalLow/DefaultCompany/ChatApp\par07_events_block1_chat_5.csv
Data successfully sent to Firebase
File saved to: C:/Users/mobbslab/AppData/LocalLow/DefaultCompany/ChatApp\par07_events_block1_chat_6.csv
Data successfully sent to Firebase
File saved to: C:/Users/mobbslab/AppData/LocalLow/DefaultCompany/ChatApp\par07_events_block1_chat_7.csv
Data successfully sent to Firebase
File saved to: C:/Users/mobbslab/AppData/LocalLow/DefaultCompany/ChatApp\par07_events_block1_chat_8.csv
Data successfully sent to Firebase
Signal received at: 3262.812
Signal received at: 3264.812
Signal received at: 3266.812
Signal received at: 3268.812
Signal received at: 3270.813
Signal has stopped.
Curl error 65: necessary data rewind wasn't possible
Curl error 65: necessary data rewind wasn't possible
File saved to: C:/Users/mobbslab/AppData/LocalLow/DefaultCompany/ChatApp\par07_events_block2_chat_9.csv
Data successfully sent to Firebase
File saved to: C:/Users/mobbslab/AppData/LocalLow/DefaultCompany/ChatApp\par07_events_block2_chat_10.csv
Data successfully sent to Firebase
File saved to: C:/Users/mobbslab/AppData/LocalLow/DefaultCompany/ChatApp\par07_events_block2_chat_11.csv
Data successfully sent to Firebase
File saved to: C:/Users/mobbslab/AppData/LocalLow/DefaultCompany/ChatApp\par07_events_block2_chat_12.csv
Data successfully sent to Firebase
Signal received at: 5390.897
Signal received at: 5392.898
Signal has stopped.
File saved to: C:/Users/mobbslab/AppData/LocalLow/DefaultCompany/ChatApp\par07_events_block3_chat_13.csv
Data successfully sent to Firebase
File saved to: C:/Users/mobbslab/AppData/LocalLow/DefaultCompany/ChatApp\par07_events_block3_chat_14.csv
Data successfully sent to Firebase
File saved to: C:/Users/mobbslab/AppData/LocalLow/DefaultCompany/ChatApp\par07_events_block3_chat_15.csv
Data successfully sent to Firebase
File saved to: C:/Users/mobbslab/AppData/LocalLow/DefaultCompany/ChatApp\par07_events_block3_chat_16.csv
Data successfully sent to Firebase
Unloading 6 Unused Serialized files (Serialized files now loaded: 0)
UnloadTime: 3.428300 ms
Unloading 88 unused Assets to reduce memory usage. Loaded Objects now: 2217.
Total: 1.751200 ms (FindLiveObjects: 0.185600 ms CreateObjectMapping: 0.065600 ms MarkObjects: 1.315100 ms  DeleteObjects: 0.184800 ms)

Setting up 2 worker threads for Enlighten.
Memory Statistics:
[ALLOC_TEMP_TLS] TLS Allocator
  StackAllocators : 
    [ALLOC_TEMP_MAIN]
      Peak usage frame count: [0-1.0 KB]: 2904 frames, [1.0 KB-2.0 KB]: 6 frames, [2.0 KB-4.0 KB]: 450222 frames, [4.0 KB-8.0 KB]: 1966 frames, [8.0 KB-16.0 KB]: 1 frames, [16.0 KB-32.0 KB]: 48 frames, [32.0 KB-64.0 KB]: 1415 frames, [64.0 KB-128.0 KB]: 289 frames, [128.0 KB-256.0 KB]: 18 frames, [256.0 KB-0.5 MB]: 1 frames, [2.0 MB-4.0 MB]: 1 frames
      Initial Block Size 4.0 MB
      Current Block Size 4.0 MB
      Peak Allocated Bytes 2.1 MB
      Overflow Count 0
    [ALLOC_TEMP_Loading.AsyncRead]
      Initial Block Size 64.0 KB
      Current Block Size 64.0 KB
      Peak Allocated Bytes 315 B
      Overflow Count 0
    [ALLOC_TEMP_Loading.PreloadManager]
      Initial Block Size 256.0 KB
      Current Block Size 256.0 KB
      Peak Allocated Bytes 51.5 KB
      Overflow Count 16
    [ALLOC_TEMP_Background Job.Worker 8]
      Initial Block Size 32.0 KB
      Current Block Size 32.0 KB
      Peak Allocated Bytes 2.8 KB
      Overflow Count 0
    [ALLOC_TEMP_Background Job.Worker 9]
      Initial Block Size 32.0 KB
      Current Block Size 32.0 KB
      Peak Allocated Bytes 2.8 KB
      Overflow Count 0
    [ALLOC_TEMP_Job.Worker 0]
      Initial Block Size 256.0 KB
      Current Block Size 256.0 KB
      Peak Allocated Bytes 83.1 KB
      Overflow Count 0
    [ALLOC_TEMP_Background Job.Worker 10]
      Initial Block Size 32.0 KB
      Current Block Size 32.0 KB
      Peak Allocated Bytes 2.8 KB
      Overflow Count 0
    [ALLOC_TEMP_Background Job.Worker 14]
      Initial Block Size 32.0 KB
      Current Block Size 32.0 KB
      Peak Allocated Bytes 2.8 KB
      Overflow Count 0
    [ALLOC_TEMP_Background Job.Worker 6]
      Initial Block Size 32.0 KB
      Current Block Size 32.0 KB
      Peak Allocated Bytes 2.8 KB
      Overflow Count 0
    [ALLOC_TEMP_Background Job.Worker 12]
      Initial Block Size 32.0 KB
      Current Block Size 32.0 KB
      Peak Allocated Bytes 2.8 KB
      Overflow Count 0
    [ALLOC_TEMP_EnlightenWorker] x 2
      Initial Block Size 64.0 KB
      Current Block Size 64.0 KB
      Peak Allocated Bytes 54 B
      Overflow Count 0
    [ALLOC_TEMP_Background Job.Worker 15]
      Initial Block Size 32.0 KB
      Current Block Size 32.0 KB
      Peak Allocated Bytes 2.8 KB
      Overflow Count 0
    [ALLOC_TEMP_Background Job.Worker 1]
      Initial Block Size 32.0 KB
      Current Block Size 32.0 KB
      Peak Allocated Bytes 2.8 KB
      Overflow Count 0
    [ALLOC_TEMP_Background Job.Worker 2]
      Initial Block Size 32.0 KB
      Current Block Size 32.0 KB
      Peak Allocated Bytes 2.8 KB
      Overflow Count 0
    [ALLOC_TEMP_Background Job.Worker 7]
      Initial Block Size 32.0 KB
      Current Block Size 32.0 KB
      Peak Allocated Bytes 2.8 KB
      Overflow Count 0
    [ALLOC_TEMP_UnityGfxDeviceWorker]
      Initial Block Size 256.0 KB
      Current Block Size 256.0 KB
      Peak Allocated Bytes 6.0 KB
      Overflow Count 0
    [ALLOC_TEMP_AssetGarbageCollectorHelper] x 3
      Initial Block Size 64.0 KB
      Current Block Size 64.0 KB
      Peak Allocated Bytes 0 B
      Overflow Count 0
    [ALLOC_TEMP_Background Job.Worker 5]
      Initial Block Size 32.0 KB
      Current Block Size 32.0 KB
      Peak Allocated Bytes 4.8 KB
      Overflow Count 0
    [ALLOC_TEMP_Background Job.Worker 13]
      Initial Block Size 32.0 KB
      Current Block Size 32.0 KB
      Peak Allocated Bytes 2.8 KB
      Overflow Count 0
    [ALLOC_TEMP_Job.Worker 1]
      Initial Block Size 256.0 KB
      Current Block Size 256.0 KB
      Peak Allocated Bytes 83.1 KB
      Overflow Count 0
    [ALLOC_TEMP_Job.Worker 2]
      Initial Block Size 256.0 KB
      Current Block Size 256.0 KB
      Peak Allocated Bytes 83.1 KB
      Overflow Count 0
    [ALLOC_TEMP_Background Job.Worker 3]
      Initial Block Size 32.0 KB
      Current Block Size 32.0 KB
      Peak Allocated Bytes 2.8 KB
      Overflow Count 0
    [ALLOC_TEMP_Background Job.Worker 11]
      Initial Block Size 32.0 KB
      Current Block Size 32.0 KB
      Peak Allocated Bytes 2.8 KB
      Overflow Count 0
    [ALLOC_TEMP_Background Job.Worker 0]
      Initial Block Size 32.0 KB
      Current Block Size 32.0 KB
      Peak Allocated Bytes 2.8 KB
      Overflow Count 0
    [ALLOC_TEMP_HIDInput]
      Initial Block Size 64.0 KB
      Current Block Size 64.0 KB
      Peak Allocated Bytes 10.8 KB
      Overflow Count 0
    [ALLOC_TEMP_Background Job.Worker 4]
      Initial Block Size 32.0 KB
      Current Block Size 32.0 KB
      Peak Allocated Bytes 2.8 KB
      Overflow Count 0
    [ALLOC_TEMP_BatchDeleteObjects]
      Initial Block Size 64.0 KB
      Current Block Size 64.0 KB
      Peak Allocated Bytes 54 B
      Overflow Count 0
[ALLOC_DEFAULT] Dual Thread Allocator
  Peak main deferred allocation count 931
    [ALLOC_BUCKET]
      Large Block size 4.0 MB
      Used Block count 1
      Peak Allocated bytes 2.0 MB
    [ALLOC_DEFAULT_MAIN]
      Peak usage frame count: [8.0 MB-16.0 MB]: 456870 frames, [16.0 MB-32.0 MB]: 1 frames
      Requested Block Size 16.0 MB
      Peak Block count 2
      Peak Allocated memory 27.1 MB
      Peak Large allocation bytes 0 B
    [ALLOC_DEFAULT_THREAD]
      Peak usage frame count: [16.0 MB-32.0 MB]: 456871 frames
      Requested Block Size 16.0 MB
      Peak Block count 1
      Peak Allocated memory 20.6 MB
      Peak Large allocation bytes 16.0 MB
[ALLOC_TEMP_JOB_1_FRAME]
  Initial Block Size 2.0 MB
  Used Block Count 1
  Overflow Count (too large) 0
  Overflow Count (full) 0
[ALLOC_TEMP_JOB_2_FRAMES]
  Initial Block Size 2.0 MB
  Used Block Count 1
  Overflow Count (too large) 0
  Overflow Count (full) 0
[ALLOC_TEMP_JOB_4_FRAMES (JobTemp)]
  Initial Block Size 2.0 MB
  Used Block Count 2
  Overflow Count (too large) 0
  Overflow Count (full) 0
[ALLOC_TEMP_JOB_ASYNC (Background)]
  Initial Block Size 1.0 MB
  Used Block Count 3
  Overflow Count (too large) 0
  Overflow Count (full) 0
[ALLOC_GFX] Dual Thread Allocator
  Peak main deferred allocation count 3
    [ALLOC_BUCKET]
      Large Block size 4.0 MB
      Used Block count 1
      Peak Allocated bytes 2.0 MB
    [ALLOC_GFX_MAIN]
      Peak usage frame count: [32.0 KB-64.0 KB]: 1 frames, [64.0 KB-128.0 KB]: 3056 frames, [128.0 KB-256.0 KB]: 2144 frames, [256.0 KB-0.5 MB]: 27 frames, [1.0 MB-2.0 MB]: 451642 frames, [2.0 MB-4.0 MB]: 1 frames
      Requested Block Size 16.0 MB
      Peak Block count 1
      Peak Allocated memory 2.7 MB
      Peak Large allocation bytes 0 B
    [ALLOC_GFX_THREAD]
      Peak usage frame count: [1.0 MB-2.0 MB]: 2 frames, [2.0 MB-4.0 MB]: 453928 frames, [4.0 MB-8.0 MB]: 2941 frames
      Requested Block Size 16.0 MB
      Peak Block count 1
      Peak Allocated memory 5.3 MB
      Peak Large allocation bytes 0 B
[ALLOC_CACHEOBJECTS] Dual Thread Allocator
  Peak main deferred allocation count 29
    [ALLOC_BUCKET]
      Large Block size 4.0 MB
      Used Block count 1
      Peak Allocated bytes 2.0 MB
    [ALLOC_CACHEOBJECTS_MAIN]
      Peak usage frame count: [4.0 MB-8.0 MB]: 456871 frames
      Requested Block Size 4.0 MB
      Peak Block count 2
      Peak Allocated memory 6.0 MB
      Peak Large allocation bytes 2.0 MB
    [ALLOC_CACHEOBJECTS_THREAD]
      Peak usage frame count: [0.5 MB-1.0 MB]: 2943 frames, [1.0 MB-2.0 MB]: 453927 frames, [2.0 MB-4.0 MB]: 1 frames
      Requested Block Size 4.0 MB
      Peak Block count 1
      Peak Allocated memory 2.0 MB
      Peak Large allocation bytes 0 B
[ALLOC_TYPETREE] Dual Thread Allocator
  Peak main deferred allocation count 0
    [ALLOC_BUCKET]
      Large Block size 4.0 MB
      Used Block count 1
      Peak Allocated bytes 2.0 MB
    [ALLOC_TYPETREE_MAIN]
      Peak usage frame count: [8.0 KB-16.0 KB]: 456871 frames
      Requested Block Size 2.0 MB
      Peak Block count 1
      Peak Allocated memory 9.3 KB
      Peak Large allocation bytes 0 B
    [ALLOC_TYPETREE_THREAD]
      Peak usage frame count: [8.0 KB-16.0 KB]: 456871 frames
      Requested Block Size 2.0 MB
      Peak Block count 1
      Peak Allocated memory 14.5 KB
      Peak Large allocation bytes 0 B
